[2018-10-28 16:08:01] 查询最新一次提交的审核状态操作失败，appid:wxe1133d01d0698c83,{"errcode":42001,"errmsg":"access_token expired hint: [oA3WtA00811090]"}
[2018-10-28 16:32:45] 设置小程序服务器地址失败,appid:wxe1133d01d0698c83,{"errcode":42001,"errmsg":"access_token expired hint: [k_lXva05654245]"}
[2018-10-28 16:32:49] 设置小程序服务器地址失败,appid:wxe1133d01d0698c83,{"errcode":42001,"errmsg":"access_token expired hint: [.AE.TA0569b767]"}
[2018-10-28 16:41:42] 设置小程序服务器地址失败,appid:wxe1133d01d0698c83,{"errcode":42001,"errmsg":"access_token expired hint: [qQ._KA0102b767]"}
[2018-10-28 16:43:31] 设置小程序服务器地址失败,appid:wxe1133d01d0698c83,{"errcode":42001,"errmsg":"access_token expired hint: [4E02112372]"}
[2018-10-28 16:43:32] 设置小程序服务器地址失败,appid:wxe1133d01d0698c83,{"errcode":42001,"errmsg":"access_token expired hint: [2bKwxa02121091]"}
[2018-10-28 16:44:08] 设置小程序服务器地址失败,appid:wxe1133d01d0698c83,{"errcode":42001,"errmsg":"access_token expired hint: [bnPzBa02483062]"}
[2018-10-28 16:45:43] 设置小程序服务器地址失败,appid:wxe1133d01d0698c83,{"errcode":42001,"errmsg":"access_token expired hint: [Mjy5Pa03432372]"}
[2018-10-28 16:54:27] 设置小程序服务器地址失败,appid:wxe1133d01d0698c83,{"errcode":48001,"errmsg":"api unauthorized hint: [tNHkDa08674557]"}
[2018-10-28 17:39:10] 设置小程序业务域名失败,appid:wxe1133d01d0698c83,{"errcode":48001,"errmsg":"api unauthorized hint: [kAdGTA05504557]"}
[2018-10-28 19:24:57] 设置小程序业务域名失败,appid:wxe1133d01d0698c83,{"errcode":48001,"errmsg":"api unauthorized hint: [9O177a08974711]"}
[2018-10-28 19:24:58] 设置小程序业务域名失败,appid:wxe1133d01d0698c83,{"errcode":48001,"errmsg":"api unauthorized hint: [05QeBA0898e255]"}
[2018-10-28 20:12:18] 设置小程序服务器地址失败,appid:wxe1133d01d0698c83,{"errcode":48001,"errmsg":"api unauthorized hint: [5sHK6a07383064]"}
[2018-10-28 20:12:19] 设置小程序服务器地址失败,appid:wxe1133d01d0698c83,{"errcode":48001,"errmsg":"api unauthorized hint: [OljmZa07394711]"}
[2018-10-28 20:16:37] 设置小程序服务器地址失败,appid:wxe1133d01d0698c83,{"errcode":48001,"errmsg":"api unauthorized hint: [ipwhAa0997b767]"}
[2018-11-02 16:09:14] 设置小程序服务器地址失败,appid:wxe1133d01d0698c83,{"errcode":48001,"errmsg":"api unauthorized hint: [HQd4jA01544245]"}
[2018-11-02 16:10:06] 设置小程序服务器地址失败,appid:wxe1133d01d0698c83,{"errcode":48001,"errmsg":"api unauthorized hint: [zQ1nQA02063062]"}
[2018-11-02 16:10:08] 设置小程序服务器地址失败,appid:wxe1133d01d0698c83,{"errcode":48001,"errmsg":"api unauthorized hint: [xNjC90208hb15]"}
[2018-11-02 16:16:48] 设置小程序服务器地址失败,appid:wxe1133d01d0698c83,{"errcode":48001,"errmsg":"api unauthorized hint: [h7OPua06083062]"}
[2018-11-04 10:21:07] 为授权的小程序帐号上传小程序代码操作失败,appid:wxe1133d01d0698c83,{"errcode":48001,"errmsg":"api unauthorized hint: [Mnofca00672372]"}
[2018-11-04 16:45:35] 小程序提交审核操作失败，appid:wxe1133d01d0698c83,{"errcode":85009,"errmsg":"already submit a version under auditing hint: [01351091]"}
[2018-11-04 16:54:43] 设置小程序服务器地址失败,appid:wxe1133d01d0698c83,{"errcode":85017,"errmsg":"no domain to modify after filtered, please confirm the domain has been set in miniprogram or open hint: [xRwVYa0683e255]"}
[2018-11-04 16:55:34] 设置小程序服务器地址失败,appid:wxe1133d01d0698c83,{"errcode":85017,"errmsg":"no domain to modify after filtered, please confirm the domain has been set in miniprogram or open hint: [2WR07342372]"}
[2018-11-04 16:55:34] 设置小程序服务器地址失败,appid:wxe1133d01d0698c83,{"errcode":85017,"errmsg":"no domain to modify after filtered, please confirm the domain has been set in miniprogram or open hint: [EoEJNA0734b767]"}
[2018-11-04 17:07:48] 小程序提交审核操作失败，appid:wxe1133d01d0698c83,{"errcode":85009,"errmsg":"already submit a version under auditing hint: [x.qrKa04673064]"}
[2018-11-04 17:08:26] 小程序提交审核操作失败，appid:wxe1133d01d0698c83,{"errcode":85009,"errmsg":"already submit a version under auditing hint: [Kckw5a0506e255]"}
[2018-11-04 17:10:08] 小程序提交审核操作失败，appid:wxe1133d01d0698c83,{"errcode":85009,"errmsg":"already submit a version under auditing hint: [Uc9_mA06080724]"}
[2018-11-04 17:24:54] 小程序提交审核操作失败，appid:wxe1133d01d0698c83,{"errcode":85009,"errmsg":"already submit a version under auditing hint: [qD10dA04944245]"}
[2018-11-04 17:35:55] 小程序提交审核操作失败，appid:wxe1133d01d0698c83,{"errcode":85009,"errmsg":"already submit a version under auditing hint: [iFlmUA01552372]"}
[2018-11-04 17:36:00] 小程序提交审核操作失败，appid:wxe1133d01d0698c83,{"errcode":85009,"errmsg":"already submit a version under auditing hint: [uKP5Qa01604711]"}
[2018-11-04 17:46:02] 为授权的小程序帐号上传小程序代码操作失败,appid:wxe1133d01d0698c83,{"errcode":85014,"errmsg":"template not exist hint: [nF2KlA07623062]"}
[2018-11-04 17:46:03] 小程序提交审核操作失败，appid:wxe1133d01d0698c83,{"errcode":85009,"errmsg":"already submit a version under auditing hint: [d6Rf_07634711]"}
[2018-11-04 17:46:42] 为授权的小程序帐号上传小程序代码操作失败,appid:wxe1133d01d0698c83,{"errcode":85014,"errmsg":"template not exist hint: [7Zr9Ca08021090]"}
[2018-11-04 17:46:43] 小程序提交审核操作失败，appid:wxe1133d01d0698c83,{"errcode":85009,"errmsg":"already submit a version under auditing hint: [epAL308024245]"}
[2018-11-04 19:32:21] 为授权的小程序帐号上传小程序代码操作失败,appid:wxe1133d01d0698c83,{"errcode":85014,"errmsg":"template not exist hint: [hb0TKa01411090]"}
[2018-11-04 19:32:24] 为授权的小程序帐号上传小程序代码操作失败,appid:wxe1133d01d0698c83,{"errcode":85014,"errmsg":"template not exist hint: [TyV05a01441090]"}
[2018-11-04 19:32:48] 为授权的小程序帐号上传小程序代码操作失败,appid:wxe1133d01d0698c83,{"errcode":85014,"errmsg":"template not exist hint: [KPTA.a01683064]"}
[2018-11-04 19:32:50] 为授权的小程序帐号上传小程序代码操作失败,appid:wxe1133d01d0698c83,{"errcode":85014,"errmsg":"template not exist hint: [F_jfdA01691090]"}
[2018-11-04 19:41:58] 小程序提交审核操作失败，appid:wxe1133d01d0698c83,{"errcode":85009,"errmsg":"already submit a version under auditing hint: [FaGx0718hb15]"}
[2018-11-05 18:58:57] 更新授权小程序的authorizer_access_token操作失败,appid:wxe1133d01d0698c83,{"errcode":61023,"errmsg":"refresh_token is invalid hint: [nWeP4a05373055]"}
[2018-11-05 18:59:44] 更新授权小程序的authorizer_access_token操作失败,appid:wxe1133d01d0698c83,{"errcode":61023,"errmsg":"refresh_token is invalid hint: [ECy8Ba05831466]"}
[2018-11-05 19:22:38] 设置小程序服务器地址失败,appid:wxe1133d01d0698c83,{"errcode":85017,"errmsg":"no domain to modify after filtered, please confirm the domain has been set in miniprogram or open hint: [IH.TFa09580724]"}
[2018-11-06 11:31:59] 设置小程序服务器地址失败,appid:wxe1133d01d0698c83,{"errcode":85017,"errmsg":"no domain to modify after filtered, please confirm the domain has been set in miniprogram or open hint: [XXkvlA01191091]"}
[2018-11-06 11:32:08] 设置小程序服务器地址失败,appid:wxe1133d01d0698c83,{"errcode":85017,"errmsg":"no domain to modify after filtered, please confirm the domain has been set in miniprogram or open hint: [FnwoaA0128e255]"}
[2018-11-06 11:33:21] 设置小程序服务器地址失败,appid:wxe1133d01d0698c83,{"errcode":85017,"errmsg":"no domain to modify after filtered, please confirm the domain has been set in miniprogram or open hint: [bPNmma02010729]"}
[2018-11-06 11:33:43] 设置小程序服务器地址失败,appid:wxe1133d01d0698c83,{"errcode":85017,"errmsg":"no domain to modify after filtered, please confirm the domain has been set in miniprogram or open hint: [Q7HqfA02230724]"}
[2018-11-06 11:34:54] 设置小程序服务器地址失败,appid:wxe1133d01d0698c83,{"errcode":85017,"errmsg":"no domain to modify after filtered, please confirm the domain has been set in miniprogram or open hint: [DCFtlA02943062]"}
[2018-11-06 11:36:28] 设置小程序服务器地址失败,appid:wxe1133d01d0698c83,{"errcode":85017,"errmsg":"no domain to modify after filtered, please confirm the domain has been set in miniprogram or open hint: [MObqfA03884245]"}
[2018-11-06 11:36:39] 设置小程序服务器地址失败,appid:wxe1133d01d0698c83,{"errcode":85017,"errmsg":"no domain to modify after filtered, please confirm the domain has been set in miniprogram or open hint: [xv8Maa03994245]"}
[2018-11-06 11:36:54] 设置小程序服务器地址失败,appid:wxe1133d01d0698c83,{"errcode":85017,"errmsg":"no domain to modify after filtered, please confirm the domain has been set in miniprogram or open hint: [4xQSkA04130724]"}
[2018-11-06 11:38:23] 设置小程序服务器地址失败,appid:wxe1133d01d0698c83,{"errcode":85017,"errmsg":"no domain to modify after filtered, please confirm the domain has been set in miniprogram or open hint: [rM6Hua0503b767]"}
[2018-11-06 11:41:52] 设置小程序服务器地址失败,appid:wxe1133d01d0698c83,{"errcode":85017,"errmsg":"no domain to modify after filtered, please confirm the domain has been set in miniprogram or open hint: [PV4gMa07121091]"}
[2018-11-06 11:44:02] 设置小程序服务器地址失败,appid:wxe1133d01d0698c83,{"errcode":85017,"errmsg":"no domain to modify after filtered, please confirm the domain has been set in miniprogram or open hint: [RDtM_a08424711]"}
[2018-11-06 12:00:17] 设置小程序服务器地址失败,appid:wxe1133d01d0698c83,{"errcode":85017,"errmsg":"no domain to modify after filtered, please confirm the domain has been set in miniprogram or open hint: [dAtXra0817b767]"}
[2018-11-06 12:01:13] 设置小程序服务器地址失败,appid:wxe1133d01d0698c83,{"errcode":85017,"errmsg":"no domain to modify after filtered, please confirm the domain has been set in miniprogram or open hint: [9qgUda08731090]"}
[2018-11-06 12:04:10] 设置小程序服务器地址失败,appid:wxe1133d01d0698c83,{"errcode":85017,"errmsg":"no domain to modify after filtered, please confirm the domain has been set in miniprogram or open hint: [a8migA00501090]"}
[2018-11-06 12:04:38] 设置小程序服务器地址失败,appid:wxe1133d01d0698c83,{"errcode":85017,"errmsg":"no domain to modify after filtered, please confirm the domain has been set in miniprogram or open hint: [ZUSNiA00781090]"}
[2018-11-06 12:05:02] 设置小程序服务器地址失败,appid:wxe1133d01d0698c83,{"errcode":85017,"errmsg":"no domain to modify after filtered, please confirm the domain has been set in miniprogram or open hint: [gIoPTA0101e255]"}
[2018-11-06 12:05:26] 设置小程序服务器地址失败,appid:wxe1133d01d0698c83,{"errcode":85017,"errmsg":"no domain to modify after filtered, please confirm the domain has been set in miniprogram or open hint: [xV2qZa0126e255]"}
[2018-11-06 12:05:46] 设置小程序服务器地址失败,appid:wxe1133d01d0698c83,{"errcode":85017,"errmsg":"no domain to modify after filtered, please confirm the domain has been set in miniprogram or open hint: [jRKNUA01451091]"}
[2018-11-06 12:06:06] 设置小程序服务器地址失败,appid:wxe1133d01d0698c83,{"errcode":85017,"errmsg":"no domain to modify after filtered, please confirm the domain has been set in miniprogram or open hint: [6oTY.a01661090]"}
[2018-11-06 12:06:37] 设置小程序服务器地址失败,appid:wxe1133d01d0698c83,{"errcode":85017,"errmsg":"no domain to modify after filtered, please confirm the domain has been set in miniprogram or open hint: [k41Ata01964711]"}
[2018-11-06 12:07:42] 设置小程序服务器地址失败,appid:wxe1133d01d0698c83,{"errcode":85017,"errmsg":"no domain to modify after filtered, please confirm the domain has been set in miniprogram or open hint: [uVwpCA02621091]"}
[2018-11-06 12:08:09] 设置小程序服务器地址失败,appid:wxe1133d01d0698c83,{"errcode":85017,"errmsg":"no domain to modify after filtered, please confirm the domain has been set in miniprogram or open hint: [ZsdASa02894245]"}
[2018-11-06 12:08:19] 设置小程序服务器地址失败,appid:wxe1133d01d0698c83,{"errcode":85017,"errmsg":"no domain to modify after filtered, please confirm the domain has been set in miniprogram or open hint: [8O3hHa02990724]"}
[2018-11-06 12:08:37] 设置小程序服务器地址失败,appid:wxe1133d01d0698c83,{"errcode":85017,"errmsg":"no domain to modify after filtered, please confirm the domain has been set in miniprogram or open hint: [rJYbGA03171090]"}
[2018-11-06 12:08:44] 设置小程序服务器地址失败,appid:wxe1133d01d0698c83,{"errcode":85017,"errmsg":"no domain to modify after filtered, please confirm the domain has been set in miniprogram or open hint: [Tv8VqA03244711]"}
[2018-11-06 12:09:06] 设置小程序服务器地址失败,appid:wxe1133d01d0698c83,{"errcode":85017,"errmsg":"no domain to modify after filtered, please confirm the domain has been set in miniprogram or open hint: [QTY03464245]"}
[2018-11-06 12:09:26] 设置小程序服务器地址失败,appid:wxe1133d01d0698c83,{"errcode":85017,"errmsg":"no domain to modify after filtered, please confirm the domain has been set in miniprogram or open hint: [9r4tQA0365e255]"}
[2018-11-06 12:20:35] 设置小程序服务器地址失败,appid:wxe1133d01d0698c83,{"errcode":85017,"errmsg":"no domain to modify after filtered, please confirm the domain has been set in miniprogram or open hint: [vJL2ua00354245]"}
[2018-11-06 12:23:46] 设置小程序服务器地址失败,appid:wxe1133d01d0698c83,{"errcode":85017,"errmsg":"no domain to modify after filtered, please confirm the domain has been set in miniprogram or open hint: [Aj50ia02262372]"}
[2018-11-06 13:50:32] 查询最新一次提交的审核状态操作失败，appid:,{"errcode":41001,"errmsg":"access_token missing hint: [_j.Uga04322372]"}
[2018-11-06 13:51:32] 更新授权小程序的authorizer_access_token操作失败,appid:,{"errcode":41001,"errmsg":"access_token missing hint: [w7pe604923055]"}
[2018-11-06 13:51:50] 更新授权小程序的authorizer_access_token操作失败,appid:,{"errcode":41001,"errmsg":"access_token missing hint: [3PWPfA0510sha2]"}
[2018-11-06 13:54:24] 更新授权小程序的authorizer_access_token操作失败,appid:,{"errcode":41001,"errmsg":"access_token missing hint: [VNERUa06642994]"}
[2018-11-06 13:58:55] 更新授权小程序的authorizer_access_token操作失败,appid:wxe1133d01d0698c83,{"errcode":41001,"errmsg":"access_token missing hint: [M_tQ8a09353064]"}
[2018-11-06 16:49:12] 设置小程序服务器地址失败,appid:wxe1133d01d0698c83,{"errcode":85017,"errmsg":"no domain to modify after filtered, please confirm the domain has been set in miniprogram or open hint: [dy.l901524245]"}
[2018-11-06 16:50:48] 设置小程序服务器地址失败,appid:wxe1133d01d0698c83,{"errcode":85017,"errmsg":"no domain to modify after filtered, please confirm the domain has been set in miniprogram or open hint: [SPtwXa02483064]"}
[2018-11-06 16:54:04] 设置小程序服务器地址失败,appid:wxe1133d01d0698c83,{"errcode":85017,"errmsg":"no domain to modify after filtered, please confirm the domain has been set in miniprogram or open hint: [n86wra04440724]"}
[2018-11-06 16:54:32] 设置小程序服务器地址失败,appid:wxe1133d01d0698c83,{"errcode":85017,"errmsg":"no domain to modify after filtered, please confirm the domain has been set in miniprogram or open hint: [M2KhYa04720724]"}
[2018-11-06 16:54:53] 设置小程序服务器地址失败,appid:wxe1133d01d0698c83,{"errcode":85017,"errmsg":"no domain to modify after filtered, please confirm the domain has been set in miniprogram or open hint: [mYUe90493hb15]"}
[2018-11-06 16:54:55] 设置小程序服务器地址失败,appid:wxe1133d01d0698c83,{"errcode":85017,"errmsg":"no domain to modify after filtered, please confirm the domain has been set in miniprogram or open hint: [BAYH4a0495e255]"}
[2018-11-06 16:55:05] 设置小程序服务器地址失败,appid:wxe1133d01d0698c83,{"errcode":85017,"errmsg":"no domain to modify after filtered, please confirm the domain has been set in miniprogram or open hint: [MwMHUA0505e255]"}
[2018-11-06 16:55:26] 设置小程序服务器地址失败,appid:wxe1133d01d0698c83,{"errcode":85017,"errmsg":"no domain to modify after filtered, please confirm the domain has been set in miniprogram or open hint: [p3kwba0526b767]"}
[2018-11-06 16:55:43] 设置小程序服务器地址失败,appid:wxe1133d01d0698c83,{"errcode":85017,"errmsg":"no domain to modify after filtered, please confirm the domain has been set in miniprogram or open hint: [KNM5ta05432372]"}
[2018-11-06 16:56:13] 设置小程序服务器地址失败,appid:wxe1133d01d0698c83,{"errcode":85017,"errmsg":"no domain to modify after filtered, please confirm the domain has been set in miniprogram or open hint: [Oq2iOA0573b767]"}
[2018-11-06 16:56:33] 设置小程序服务器地址失败,appid:wxe1133d01d0698c83,{"errcode":85017,"errmsg":"no domain to modify after filtered, please confirm the domain has been set in miniprogram or open hint: [6hdYxa0593e255]"}
[2018-11-06 16:57:05] 设置小程序服务器地址失败,appid:wxe1133d01d0698c83,{"errcode":85017,"errmsg":"no domain to modify after filtered, please confirm the domain has been set in miniprogram or open hint: [06254245]"}
[2018-11-06 16:57:46] 设置小程序服务器地址失败,appid:wxe1133d01d0698c83,{"errcode":85017,"errmsg":"no domain to modify after filtered, please confirm the domain has been set in miniprogram or open hint: [oj8Bta06664245]"}
[2018-11-06 16:57:53] 设置小程序服务器地址失败,appid:wxe1133d01d0698c83,{"errcode":85017,"errmsg":"no domain to modify after filtered, please confirm the domain has been set in miniprogram or open hint: [5A0673b767]"}
[2018-11-06 17:00:03] 设置小程序服务器地址失败,appid:wxe1133d01d0698c83,{"errcode":85017,"errmsg":"no domain to modify after filtered, please confirm the domain has been set in miniprogram or open hint: [bpSQsA08031090]"}
[2018-11-07 18:13:00] 更新授权小程序的authorizer_access_token操作失败,appid:wxe1133d01d0698c83,{"errcode":42001,"errmsg":"access_token expired hint: [5jvn405802790]"}
[2018-11-07 18:13:00] 设置小程序服务器地址失败,appid:wxe1133d01d0698c83,{"errcode":42001,"errmsg":"access_token expired hint: [p.SBpa05801091]"}
[2018-11-07 18:23:32] 获取体验小程序的体验二维码操作失败,appid:,{"errcode":42001,"errmsg":"access_token expired hint: [tLfiRa02120724]"}
[2018-11-07 18:23:33] 获取体验小程序的体验二维码操作失败,appid:,{"errcode":42001,"errmsg":"access_token expired hint: [tOWciA02130729]"}
[2018-11-07 18:30:50] 更新授权小程序的authorizer_access_token操作失败,appid:wxe1133d01d0698c83,{"errcode":42001,"errmsg":"access_token expired hint: [fhmNra06501466]"}
[2018-11-07 18:30:50] 设置小程序服务器地址失败,appid:wxe1133d01d0698c83,{"errcode":42001,"errmsg":"access_token expired hint: [o06cJA0650hb15]"}
[2018-11-07 18:30:54] 获取体验小程序的体验二维码操作失败,appid:,{"errcode":42001,"errmsg":"access_token expired hint: [747h406540729]"}
[2018-11-08 14:40:57] 设置小程序服务器地址失败,appid:wxe1133d01d0698c83,{"errcode":85017,"errmsg":"no domain to modify after filtered, please confirm the domain has been set in miniprogram or open hint: [..deba02573064]"}
[2018-11-08 14:41:28] 设置小程序服务器地址失败,appid:wxe1133d01d0698c83,{"errcode":85017,"errmsg":"no domain to modify after filtered, please confirm the domain has been set in miniprogram or open hint: [PCqjFA0288e255]"}
[2018-11-09 17:51:51] 设置小程序服务器地址失败,appid:wxe1133d01d0698c83,{"errcode":85017,"errmsg":"no domain to modify after filtered, please confirm the domain has been set in miniprogram or open hint: [o4tLjA01100729]"}
[2018-11-09 19:35:22] 小程序审核撤回操作失败，appid:wxe1133d01d0698c83,{"errcode":87013,"errmsg":"no quota to undo code hint: [HFyoNa03221090]"}
[2018-11-09 19:35:23] 设置小程序服务器地址失败,appid:wxe1133d01d0698c83,{"errcode":85017,"errmsg":"no domain to modify after filtered, please confirm the domain has been set in miniprogram or open hint: [tSSlda0322b767]"}
[2018-11-16 14:50:52] 更新授权小程序的authorizer_access_token操作失败,appid:wxe1133d01d0698c83,{"errcode":61003,"errmsg":"component is not authorized by this account hint: [ooVZPa00523064]"}
[2018-11-16 14:50:52] 设置小程序服务器地址失败,appid:wxe1133d01d0698c83,{"errcode":42001,"errmsg":"access_token expired hint: [4rd1900520729]"}
[2018-11-16 14:50:58] 更新授权小程序的authorizer_access_token操作失败,appid:wxe1133d01d0698c83,{"errcode":61003,"errmsg":"component is not authorized by this account hint: [xFyQHA00582974]"}
[2018-11-16 14:50:59] 设置小程序服务器地址失败,appid:wxe1133d01d0698c83,{"errcode":42001,"errmsg":"access_token expired hint: [VuCVmA0059e255]"}
[2018-11-16 14:51:05] 更新授权小程序的authorizer_access_token操作失败,appid:wxe1133d01d0698c83,{"errcode":61003,"errmsg":"component is not authorized by this account hint: [xNWGdA00651563]"}
[2018-11-16 14:51:05] 设置小程序服务器地址失败,appid:wxe1133d01d0698c83,{"errcode":42001,"errmsg":"access_token expired hint: [mqvIDa00653062]"}
[2018-11-16 14:59:25] 设置小程序服务器地址失败,appid:wxe1133d01d0698c83,{"errcode":85017,"errmsg":"no domain to modify after filtered, please confirm the domain has been set in miniprogram or open hint: [uNbIfA05652372]"}
[2018-11-16 14:59:49] 设置小程序服务器地址失败,appid:wxe1133d01d0698c83,{"errcode":85017,"errmsg":"no domain to modify after filtered, please confirm the domain has been set in miniprogram or open hint: [3j.emA0589b767]"}
[2018-11-16 14:59:52] 小程序提交审核操作失败，appid:wxe1133d01d0698c83,{"errcode":85009,"errmsg":"already submit a version under auditing hint: [RyXkHA05923064]"}
[2018-11-16 15:00:08] 设置小程序服务器地址失败,appid:wxe1133d01d0698c83,{"errcode":85017,"errmsg":"no domain to modify after filtered, please confirm the domain has been set in miniprogram or open hint: [eVy3rA0608b767]"}
[2018-11-16 15:00:12] 小程序提交审核操作失败，appid:wxe1133d01d0698c83,{"errcode":85009,"errmsg":"already submit a version under auditing hint: [hGA6ka06113064]"}
[2018-11-20 12:24:59] 设置小程序服务器地址失败,appid:wxae7b2c1174041fc9,{"errcode":85017,"errmsg":"no domain to modify after filtered, please confirm the domain has been set in miniprogram or open hint: [v0RP.a0899hb15]"}
[2018-11-20 14:10:01] 设置小程序服务器地址失败,appid:wxae7b2c1174041fc9,{"errcode":85017,"errmsg":"no domain to modify after filtered, please confirm the domain has been set in miniprogram or open hint: [HXkOZa02004245]"}
[2018-11-20 15:24:13] 设置小程序服务器地址失败,appid:wxe1133d01d0698c83,{"errcode":85017,"errmsg":"no domain to modify after filtered, please confirm the domain has been set in miniprogram or open hint: [gbZ7Ma06530729]"}
[2018-11-20 22:37:42] 设置小程序服务器地址失败,appid:wxae7b2c1174041fc9,{"errcode":85017,"errmsg":"no domain to modify after filtered, please confirm the domain has been set in miniprogram or open hint: [wkaF9a0661hb15]"}
[2018-11-20 22:40:21] 设置小程序服务器地址失败,appid:wxe1133d01d0698c83,{"errcode":85017,"errmsg":"no domain to modify after filtered, please confirm the domain has been set in miniprogram or open hint: [Tf7U7a08214711]"}
[2018-11-20 22:40:25] 小程序提交审核操作失败，appid:wxe1133d01d0698c83,{"errcode":85009,"errmsg":"already submit a version under auditing hint: [oTe8xa08243062]"}
[2018-11-20 22:40:36] 设置小程序服务器地址失败,appid:wxe1133d01d0698c83,{"errcode":85017,"errmsg":"no domain to modify after filtered, please confirm the domain has been set in miniprogram or open hint: [.rIIca08361090]"}
[2018-11-20 22:40:40] 小程序提交审核操作失败，appid:wxe1133d01d0698c83,{"errcode":85009,"errmsg":"already submit a version under auditing hint: [nRMvTA08391090]"}
[2018-11-21 09:39:28] 设置小程序服务器地址失败,appid:wxe1133d01d0698c83,{"errcode":85017,"errmsg":"no domain to modify after filtered, please confirm the domain has been set in miniprogram or open hint: [_1Bowa03682372]"}
[2018-11-21 09:39:32] 小程序提交审核操作失败，appid:wxe1133d01d0698c83,{"errcode":85009,"errmsg":"already submit a version under auditing hint: [kfr0371hb15]"}
[2018-11-28 11:51:07] 设置小程序服务器地址失败,appid:wxbc4d02dc302976ab,{"errcode":61007,"errmsg":"api is unauthorized to component hint: [I7JsAa0066b464]"}
[2018-11-28 11:51:26] 设置小程序服务器地址失败,appid:wxbc4d02dc302976ab,{"errcode":61007,"errmsg":"api is unauthorized to component hint: [8i5IlA00864711]"}
[2018-11-28 13:10:21] 设置小程序服务器地址失败,appid:wxbc4d02dc302976ab,{"errcode":61007,"errmsg":"api is unauthorized to component hint: [k3_WRa08212372]"}
[2018-11-28 13:11:00] 设置小程序服务器地址失败,appid:wxbc4d02dc302976ab,{"errcode":61007,"errmsg":"api is unauthorized to component hint: [9SBMaA08601525]"}
[2018-11-28 15:14:54] 设置小程序服务器地址失败,appid:wxbc4d02dc302976ab,{"errcode":61007,"errmsg":"api is unauthorized to component hint: [7Oxeba02943955]"}
[2018-11-28 15:16:08] 设置小程序服务器地址失败,appid:wxbc4d02dc302976ab,{"errcode":61007,"errmsg":"api is unauthorized to component hint: [jdSU303683062]"}
[2018-11-29 10:16:06] 设置小程序服务器地址失败,appid:wxbc4d02dc302976ab,{"errcode":61007,"errmsg":"api is unauthorized to component hint: [N6fDZa07664711]"}
[2018-11-29 10:16:23] 设置小程序服务器地址失败,appid:wxbc4d02dc302976ab,{"errcode":61007,"errmsg":"api is unauthorized to component hint: [fs1bUa0783c393]"}
[2018-11-30 14:16:24] 设置小程序服务器地址失败,appid:wxbc4d02dc302976ab,{"errcode":85017,"errmsg":"no domain to modify after filtered, please confirm the domain has been set in miniprogram or open hint: [pqfJaA05841531]"}
[2018-11-30 16:11:30] 设置小程序服务器地址失败,appid:wxbc4d02dc302976ab,{"errcode":85017,"errmsg":"no domain to modify after filtered, please confirm the domain has been set in miniprogram or open hint: [6ZHaba0490b767]"}
[2018-12-09 19:05:17] 设置小程序服务器地址失败,appid:wx0de244f9daf1c077,{"errcode":85017,"errmsg":"no domain to modify after filtered, please confirm the domain has been set in miniprogram or open hint: [ePRO9a05163064]"}
[2018-12-12 15:47:33] 设置小程序服务器地址失败,appid:wxae7b2c1174041fc9,{"errcode":61007,"errmsg":"api is unauthorized to component hint: [yjb1Sa08531548]"}
[2018-12-12 16:16:57] 设置小程序服务器地址失败,appid:wxae7b2c1174041fc9,{"errcode":61007,"errmsg":"api is unauthorized to component hint: [vcxVsa06172756]"}
[2018-12-14 12:08:38] 设置小程序服务器地址失败,appid:wxe1133d01d0698c83,{"errcode":85017,"errmsg":"no domain to modify after filtered, please confirm the domain has been set in miniprogram or open hint: [o2SW505184245]"}
[2018-12-17 09:49:58] 设置小程序服务器地址失败,appid:wxe1133d01d0698c83,{"errcode":85017,"errmsg":"no domain to modify after filtered, please confirm the domain has been set in miniprogram or open hint: [baJIhA03980729]"}
